<?xml version="1.0" encoding="UTF-8"?>
<!-- Generated by org.testng.reporters.JUnitXMLReporter -->
<testsuite ignored="0" hostname="LAPTOP-ALB1PIQL" failures="0" tests="5" name="Default test" time="7.689" errors="0" timestamp="2024-09-09T15:41:39 IST">
  <testcase classname="apiTesting.BeecaptorEva1" name="DeleteHookbyID" time="3.692"/>
  <testcase classname="apiTesting.BeecaptorEva1" name="GetHooks" time="0.965"/>
  <testcase classname="apiTesting.BeecaptorEva1" name="GetahookbyID" time="0.988"/>
  <testcase classname="apiTesting.BeecaptorEva1" name="SchedulaAHook" time="0.956"/>
  <testcase classname="apiTesting.BeecaptorEva1" name="UpdateHook" time="0.969"/>
</testsuite> <!-- Default test -->
