<?xml version="1.0" encoding="UTF-8"?>
<testng-results ignored="0" total="5" passed="5" failed="0" skipped="0">
  <reporter-output>
  </reporter-output>
  <suite started-at="2024-09-09T15:41:31 IST" name="Default suite" finished-at="2024-09-09T15:41:39 IST" duration-ms="7689">
    <groups>
    </groups>
    <test started-at="2024-09-09T15:41:31 IST" name="Default test" finished-at="2024-09-09T15:41:39 IST" duration-ms="7689">
      <class name="apiTesting.BeecaptorEva1">
        <test-method signature="DeleteHookbyID()[pri:0, instance:apiTesting.BeecaptorEva1@27f981c6]" started-at="2024-09-09T15:41:31 IST" name="DeleteHookbyID" finished-at="2024-09-09T15:41:35 IST" duration-ms="3692" status="PASS">
          <reporter-output>
          </reporter-output>
        </test-method> <!-- DeleteHookbyID -->
        <test-method signature="GetHooks()[pri:0, instance:apiTesting.BeecaptorEva1@27f981c6]" started-at="2024-09-09T15:41:35 IST" name="GetHooks" finished-at="2024-09-09T15:41:36 IST" duration-ms="965" status="PASS">
          <reporter-output>
          </reporter-output>
        </test-method> <!-- GetHooks -->
        <test-method signature="GetahookbyID()[pri:0, instance:apiTesting.BeecaptorEva1@27f981c6]" started-at="2024-09-09T15:41:36 IST" name="GetahookbyID" finished-at="2024-09-09T15:41:37 IST" duration-ms="988" status="PASS">
          <reporter-output>
          </reporter-output>
        </test-method> <!-- GetahookbyID -->
        <test-method signature="SchedulaAHook()[pri:0, instance:apiTesting.BeecaptorEva1@27f981c6]" started-at="2024-09-09T15:41:37 IST" name="SchedulaAHook" finished-at="2024-09-09T15:41:38 IST" duration-ms="956" status="PASS">
          <reporter-output>
          </reporter-output>
        </test-method> <!-- SchedulaAHook -->
        <test-method signature="UpdateHook()[pri:0, instance:apiTesting.BeecaptorEva1@27f981c6]" started-at="2024-09-09T15:41:38 IST" name="UpdateHook" finished-at="2024-09-09T15:41:39 IST" duration-ms="969" status="PASS">
          <reporter-output>
          </reporter-output>
        </test-method> <!-- UpdateHook -->
      </class> <!-- apiTesting.BeecaptorEva1 -->
    </test> <!-- Default test -->
  </suite> <!-- Default suite -->
</testng-results>
